#! /usr/local/bin/vvp
:ivl_version "0.9.7 " "(v0_9_7-25-ge162258)";
:vpi_time_precision + 0;
:vpi_module "system";
:vpi_module "v2005_math";
:vpi_module "va_math";
S_0xc61b90 .scope module, "BancoPruebas" "BancoPruebas" 2 1;
 .timescale 0 0;
v0xc70fe0_0 .net "Q", 2 0, v0xc610e0_0; 1 drivers
v0xc71090_0 .net "clk", 0 0, v0xc70f10_0; 1 drivers
S_0xc70e20 .scope module, "r1" "relojito" 2 5, 2 18, S_0xc61b90;
 .timescale 0 0;
v0xc70f10_0 .var "reloj", 0 0;
S_0xc61c80 .scope module, "c1" "cont3bC" 2 6, 2 31, S_0xc61b90;
 .timescale 0 0;
v0xc610e0_0 .var "Q", 2 0;
v0xc70d80_0 .alias "reloj", 0 0, v0xc71090_0;
E_0xc3d8a0 .event negedge, v0xc70d80_0;
    .scope S_0xc70e20;
T_0 ;
    %delay 29, 0;
    %set/v v0xc70f10_0, 0, 1;
    %end;
    .thread T_0;
    .scope S_0xc70e20;
T_1 ;
    %delay 6, 0;
    %load/v 8, v0xc70f10_0, 1;
    %inv 8, 1;
    %set/v v0xc70f10_0, 8, 1;
    %jmp T_1;
    .thread T_1;
    .scope S_0xc61c80;
T_2 ;
    %set/v v0xc610e0_0, 0, 3;
    %end;
    .thread T_2;
    .scope S_0xc61c80;
T_3 ;
    %wait E_0xc3d8a0;
    %delay 5, 0;
    %load/v 8, v0xc610e0_0, 3;
    %mov 11, 0, 29;
    %addi 8, 1, 32;
    %set/v v0xc610e0_0, 8, 3;
    %jmp T_3;
    .thread T_3;
    .scope S_0xc61b90;
T_4 ;
    %vpi_call 2 10 "$dumpfile", "senales.vcd";
    %vpi_call 2 11 "$dumpvars";
    %vpi_call 2 12 "$display", "Hola Mundo!!";
    %vpi_call 2 13 "$monitor", $time, " ", "clk = %b  Q = %d", v0xc71090_0, v0xc70fe0_0;
    %delay 500, 0;
    %vpi_call 2 14 "$finish";
    %end;
    .thread T_4;
# The file index is used to find the file name in the following table.
:file_names 3;
    "N/A";
    "<interactive>";
    "Contador3bits.v";
