#! /usr/local/bin/vvp
:ivl_version "0.9.7 " "(v0_9_7-25-ge162258)";
:vpi_time_precision + 0;
:vpi_module "system";
:vpi_module "v2005_math";
:vpi_module "va_math";
S_0x17d16b0 .scope module, "BancoPruebas" "BancoPruebas" 2 132;
 .timescale 0 0;
L_0x182e950 .functor NOT 1, v0x182e130_0, C4<0>, C4<0>, C4<0>;
v0x182e070_0 .var "Contador", 31 0;
v0x182e130_0 .var "LE", 0 0;
RS_0x7f71ed357a28/0/0 .resolv tri, L_0x182fd00, L_0x18311f0, L_0x1832900, L_0x1833e80;
RS_0x7f71ed357a28/0/4 .resolv tri, L_0x1835130, L_0x1836750, L_0x1837b10, L_0x1839210;
RS_0x7f71ed357a28 .resolv tri, RS_0x7f71ed357a28/0/0, RS_0x7f71ed357a28/0/4, C4<zzzzzzzz>, C4<zzzzzzzz>;
v0x182e1b0_0 .net8 "Suma", 7 0, RS_0x7f71ed357a28; 8 drivers
v0x182e230_0 .net *"_s0", 0 0, L_0x182e950; 1 drivers
v0x182e2b0_0 .net *"_s2", 31 0, C4<zzzzzzzzzzzzzzzzzzzzzzzzzzzzzzzz>; 0 drivers
RS_0x7f71ed357ae8 .resolv tri, L_0x182e7c0, L_0x182e9b0, C4<zzzzzzzzzzzzzzzzzzzzzzzzzzzzzzzz>, C4<zzzzzzzzzzzzzzzzzzzzzzzzzzzzzzzz>;
v0x182e330_0 .net8 "dato", 31 0, RS_0x7f71ed357ae8; 2 drivers
v0x182e3f0_0 .var "dir", 1 0;
v0x182e470_0 .net "llevo", 0 0, L_0x1838df0; 1 drivers
v0x182e540_0 .var "oprA", 7 0;
v0x182e5c0_0 .var "oprB", 7 0;
v0x182e6a0_0 .var/i "semilla", 31 0;
L_0x182e9b0 .functor MUXZ 32, C4<zzzzzzzzzzzzzzzzzzzzzzzzzzzzzzzz>, v0x182e070_0, L_0x182e950, C4<>;
S_0x182db60 .scope module, "m1" "memTrans" 2 143, 2 111, S_0x17d16b0;
 .timescale 0 0;
v0x182dc90_0 .net "LE", 0 0, v0x182e130_0; 1 drivers
v0x182dd50 .array "PwrCntr", 0 2, 31 0;
v0x182ddd0_0 .net *"_s0", 31 0, L_0x182e720; 1 drivers
v0x182de70_0 .net *"_s2", 31 0, C4<zzzzzzzzzzzzzzzzzzzzzzzzzzzzzzzz>; 0 drivers
v0x182def0_0 .alias "dato", 31 0, v0x182e330_0;
v0x182df90_0 .net "dir", 1 0, v0x182e3f0_0; 1 drivers
E_0x1829d40/0 .event edge, v0x182def0_0, v0x182df90_0;
E_0x1829d40/1 .event negedge, v0x182dc90_0;
E_0x1829d40 .event/or E_0x1829d40/0, E_0x1829d40/1;
L_0x182e720 .array/port v0x182dd50, v0x182e3f0_0;
L_0x182e7c0 .functor MUXZ 32, C4<zzzzzzzzzzzzzzzzzzzzzzzzzzzzzzzz>, L_0x182e720, v0x182e130_0, C4<>;
S_0x17dc5f0 .scope module, "sumadorRizado" "SUM8" 2 149, 2 86, S_0x17d16b0;
 .timescale 0 0;
P_0x17b1528 .param/l "PwrC" 2 88, +C4<01>;
v0x182d7d0_0 .net "a", 7 0, v0x182e540_0; 1 drivers
v0x182d850_0 .net "b", 7 0, v0x182e5c0_0; 1 drivers
RS_0x7f71ed3579f8/0/0 .resolv tri, L_0x182fdf0, L_0x18312e0, L_0x1832a30, L_0x1833fc0;
RS_0x7f71ed3579f8/0/4 .resolv tri, L_0x1835450, L_0x1836670, L_0x1837fe0, C4<zzzzzzz>;
RS_0x7f71ed3579f8 .resolv tri, RS_0x7f71ed3579f8/0/0, RS_0x7f71ed3579f8/0/4, C4<zzzzzzz>, C4<zzzzzzz>;
v0x182d8d0_0 .net8 "carry", 6 0, RS_0x7f71ed3579f8; 7 drivers
v0x182d950_0 .net "ci", 0 0, C4<0>; 1 drivers
v0x182da60_0 .alias "co", 0 0, v0x182e470_0;
v0x182dae0_0 .alias "s", 7 0, v0x182e1b0_0;
L_0x182fb70 .part v0x182e540_0, 0, 1;
L_0x182fc10 .part v0x182e5c0_0, 0, 1;
L_0x182fd00 .part/pv L_0x182ee60, 0, 1, 8;
L_0x182fdf0 .part/pv L_0x182fa50, 0, 1, 7;
L_0x1830fd0 .part v0x182e540_0, 1, 1;
L_0x1831070 .part v0x182e5c0_0, 1, 1;
L_0x1831150 .part RS_0x7f71ed3579f8, 0, 1;
L_0x18311f0 .part/pv L_0x1830310, 1, 1, 8;
L_0x18312e0 .part/pv L_0x1830eb0, 1, 1, 7;
L_0x18324a0 .part v0x182e540_0, 2, 1;
L_0x1832630 .part v0x182e5c0_0, 2, 1;
L_0x1832760 .part RS_0x7f71ed3579f8, 1, 1;
L_0x1832900 .part/pv L_0x18317e0, 2, 1, 8;
L_0x1832a30 .part/pv L_0x1832380, 2, 1, 7;
L_0x1833c10 .part v0x182e540_0, 3, 1;
L_0x1833cb0 .part v0x182e5c0_0, 3, 1;
L_0x1833de0 .part RS_0x7f71ed3579f8, 2, 1;
L_0x1833e80 .part/pv L_0x1832ff0, 3, 1, 8;
L_0x1833fc0 .part/pv L_0x1833af0, 3, 1, 7;
L_0x1835090 .part v0x182e540_0, 4, 1;
L_0x1833f20 .part v0x182e5c0_0, 4, 1;
L_0x18351e0 .part RS_0x7f71ed3579f8, 3, 1;
L_0x1835130 .part/pv L_0x1834470, 4, 1, 8;
L_0x1835450 .part/pv L_0x1834f70, 4, 1, 7;
L_0x1836530 .part v0x182e540_0, 5, 1;
L_0x18365d0 .part v0x182e5c0_0, 5, 1;
L_0x18354f0 .part RS_0x7f71ed3579f8, 4, 1;
L_0x1836750 .part/pv L_0x1835910, 5, 1, 8;
L_0x1836670 .part/pv L_0x1836410, 5, 1, 7;
L_0x1837960 .part v0x182e540_0, 6, 1;
L_0x18367f0 .part v0x182e5c0_0, 6, 1;
L_0x1837d20 .part RS_0x7f71ed3579f8, 5, 1;
L_0x1837b10 .part/pv L_0x1836d40, 6, 1, 8;
L_0x1837fe0 .part/pv L_0x1837840, 6, 1, 7;
L_0x1838fa0 .part v0x182e540_0, 7, 1;
L_0x1839040 .part v0x182e5c0_0, 7, 1;
L_0x1838080 .part RS_0x7f71ed3579f8, 6, 1;
L_0x1839210 .part/pv L_0x1838370, 7, 1, 8;
S_0x182afd0 .scope module, "sum0" "Sum_comp" 2 97, 2 62, S_0x17dc5f0;
 .timescale 0 0;
P_0x182aba8 .param/l "PwrC" 2 64, +C4<01>;
v0x182d040_0 .net "a", 0 0, L_0x182fb70; 1 drivers
v0x182d0c0_0 .net "b", 0 0, L_0x182fc10; 1 drivers
v0x182d140_0 .alias "ci", 0 0, v0x182d950_0;
v0x182d1c0_0 .net "co", 0 0, L_0x182fa50; 1 drivers
v0x182d270_0 .net "s", 0 0, L_0x182ee60; 1 drivers
v0x182d320_0 .net "x", 0 0, L_0x182ec90; 1 drivers
v0x182d430_0 .net "z1", 0 0, L_0x182f020; 1 drivers
v0x182d500_0 .net "z2", 0 0, L_0x182f230; 1 drivers
v0x182d620_0 .net "z3", 0 0, L_0x182f440; 1 drivers
v0x182d6f0_0 .net "z4", 0 0, L_0x182f770; 1 drivers
S_0x182cb80 .scope module, "g1" "xor2_p" 2 71, 2 45, S_0x182afd0;
 .timescale 0 0;
P_0x182cc78 .param/l "PwrC" 2 47, +C4<01>;
v0x182cd30_0 .net *"_s0", 1 0, L_0x182eaa0; 1 drivers
v0x182cdf0_0 .alias "a", 0 0, v0x182d320_0;
v0x182cea0_0 .alias "b", 0 0, v0x182d040_0;
v0x182cf70_0 .alias "c", 0 0, v0x182d0c0_0;
E_0x182c210 .event posedge, v0x182c9e0_0;
L_0x182eaa0 .concat [ 1 1 0 0], L_0x182fc10, L_0x182fb70;
L_0x182ec90 .delay (3,3,3) L_0x182ec90/d;
L_0x182ec90/d .reduce/xor L_0x182eaa0;
S_0x182c700 .scope module, "g2" "xor2_p" 2 72, 2 45, S_0x182afd0;
 .timescale 0 0;
P_0x182c7f8 .param/l "PwrC" 2 47, +C4<01>;
v0x182c8a0_0 .net *"_s0", 1 0, L_0x182ed30; 1 drivers
v0x182c940_0 .alias "a", 0 0, v0x182d270_0;
v0x182c9e0_0 .alias "b", 0 0, v0x182d320_0;
v0x182ca80_0 .alias "c", 0 0, v0x182d950_0;
E_0x182c870 .event posedge, v0x182c940_0;
L_0x182ed30 .concat [ 1 1 0 0], C4<0>, L_0x182ec90;
L_0x182ee60 .delay (3,3,3) L_0x182ee60/d;
L_0x182ee60/d .reduce/xor L_0x182ed30;
S_0x182c240 .scope module, "g3" "and2_p" 2 76, 2 15, S_0x182afd0;
 .timescale 0 0;
P_0x182c338 .param/l "PwrC" 2 17, +C4<01>;
v0x182c400_0 .net *"_s0", 1 0, L_0x182ef80; 1 drivers
v0x182c4c0_0 .alias "a", 0 0, v0x182d430_0;
v0x182c570_0 .alias "b", 0 0, v0x182d040_0;
v0x182c620_0 .alias "c", 0 0, v0x182d0c0_0;
E_0x182c3b0 .event posedge, v0x182b800_0;
L_0x182ef80 .concat [ 1 1 0 0], L_0x182fc10, L_0x182fb70;
L_0x182f020 .delay (3,3,3) L_0x182f020/d;
L_0x182f020/d .reduce/and L_0x182ef80;
S_0x182bd70 .scope module, "g4" "and2_p" 2 77, 2 15, S_0x182afd0;
 .timescale 0 0;
P_0x182be68 .param/l "PwrC" 2 17, +C4<01>;
v0x182bf70_0 .net *"_s0", 1 0, L_0x182f190; 1 drivers
v0x182c030_0 .alias "a", 0 0, v0x182d500_0;
v0x182c0e0_0 .alias "b", 0 0, v0x182d040_0;
v0x182c160_0 .alias "c", 0 0, v0x182d950_0;
E_0x182bf20 .event posedge, v0x182b880_0;
L_0x182f190 .concat [ 1 1 0 0], C4<0>, L_0x182fb70;
L_0x182f230 .delay (3,3,3) L_0x182f230/d;
L_0x182f230/d .reduce/and L_0x182f190;
S_0x182b900 .scope module, "g5" "and2_p" 2 78, 2 15, S_0x182afd0;
 .timescale 0 0;
P_0x182b9f8 .param/l "PwrC" 2 17, +C4<01>;
v0x182bad0_0 .net *"_s0", 1 0, L_0x182f3a0; 1 drivers
v0x182bb90_0 .alias "a", 0 0, v0x182d620_0;
v0x182bc40_0 .alias "b", 0 0, v0x182d0c0_0;
v0x182bcc0_0 .alias "c", 0 0, v0x182d950_0;
E_0x1829ed0 .event posedge, v0x182b3d0_0;
L_0x182f3a0 .concat [ 1 1 0 0], C4<0>, L_0x182fc10;
L_0x182f440 .delay (3,3,3) L_0x182f440/d;
L_0x182f440/d .reduce/and L_0x182f3a0;
S_0x182b4f0 .scope module, "g6" "or2_p" 2 79, 2 30, S_0x182afd0;
 .timescale 0 0;
P_0x182b5e8 .param/l "PwrC" 2 32, +C4<01>;
v0x182b6c0_0 .net *"_s0", 1 0, L_0x182f5b0; 1 drivers
v0x182b780_0 .alias "a", 0 0, v0x182d6f0_0;
v0x182b800_0 .alias "b", 0 0, v0x182d430_0;
v0x182b880_0 .alias "c", 0 0, v0x182d500_0;
E_0x18298b0 .event posedge, v0x182b470_0;
L_0x182f5b0 .concat [ 1 1 0 0], L_0x182f230, L_0x182f020;
L_0x182f770 .delay (3,3,3) L_0x182f770/d;
L_0x182f770/d .reduce/or L_0x182f5b0;
S_0x182b100 .scope module, "g7" "or2_p" 2 80, 2 30, S_0x182afd0;
 .timescale 0 0;
P_0x182b1f8 .param/l "PwrC" 2 32, +C4<01>;
v0x182b270_0 .net *"_s0", 1 0, L_0x182f890; 1 drivers
v0x182b330_0 .alias "a", 0 0, v0x182d1c0_0;
v0x182b3d0_0 .alias "b", 0 0, v0x182d620_0;
v0x182b470_0 .alias "c", 0 0, v0x182d6f0_0;
E_0x1827540 .event posedge, v0x182b330_0;
L_0x182f890 .concat [ 1 1 0 0], L_0x182f770, L_0x182f440;
L_0x182fa50 .delay (3,3,3) L_0x182fa50/d;
L_0x182fa50/d .reduce/or L_0x182f890;
S_0x18287d0 .scope module, "sum1" "Sum_comp" 2 98, 2 62, S_0x17dc5f0;
 .timescale 0 0;
P_0x18283a8 .param/l "PwrC" 2 64, +C4<01>;
v0x182a840_0 .net "a", 0 0, L_0x1830fd0; 1 drivers
v0x182a8c0_0 .net "b", 0 0, L_0x1831070; 1 drivers
v0x182a940_0 .net "ci", 0 0, L_0x1831150; 1 drivers
v0x182a9c0_0 .net "co", 0 0, L_0x1830eb0; 1 drivers
v0x182aa70_0 .net "s", 0 0, L_0x1830310; 1 drivers
v0x182ab20_0 .net "x", 0 0, L_0x1830050; 1 drivers
v0x182ac30_0 .net "z1", 0 0, L_0x18304d0; 1 drivers
v0x182ad00_0 .net "z2", 0 0, L_0x1830690; 1 drivers
v0x182ae20_0 .net "z3", 0 0, L_0x18308a0; 1 drivers
v0x182aef0_0 .net "z4", 0 0, L_0x1830bd0; 1 drivers
S_0x182a380 .scope module, "g1" "xor2_p" 2 71, 2 45, S_0x18287d0;
 .timescale 0 0;
P_0x182a478 .param/l "PwrC" 2 47, +C4<01>;
v0x182a530_0 .net *"_s0", 1 0, L_0x182fe90; 1 drivers
v0x182a5f0_0 .alias "a", 0 0, v0x182ab20_0;
v0x182a6a0_0 .alias "b", 0 0, v0x182a840_0;
v0x182a770_0 .alias "c", 0 0, v0x182a8c0_0;
E_0x1829a10 .event posedge, v0x182a1e0_0;
L_0x182fe90 .concat [ 1 1 0 0], L_0x1831070, L_0x1830fd0;
L_0x1830050 .delay (3,3,3) L_0x1830050/d;
L_0x1830050/d .reduce/xor L_0x182fe90;
S_0x1829f00 .scope module, "g2" "xor2_p" 2 72, 2 45, S_0x18287d0;
 .timescale 0 0;
P_0x1829ff8 .param/l "PwrC" 2 47, +C4<01>;
v0x182a0a0_0 .net *"_s0", 1 0, L_0x1830150; 1 drivers
v0x182a140_0 .alias "a", 0 0, v0x182aa70_0;
v0x182a1e0_0 .alias "b", 0 0, v0x182ab20_0;
v0x182a280_0 .alias "c", 0 0, v0x182a940_0;
E_0x182a070 .event posedge, v0x182a140_0;
L_0x1830150 .concat [ 1 1 0 0], L_0x1831150, L_0x1830050;
L_0x1830310 .delay (3,3,3) L_0x1830310/d;
L_0x1830310/d .reduce/xor L_0x1830150;
S_0x1829a40 .scope module, "g3" "and2_p" 2 76, 2 15, S_0x18287d0;
 .timescale 0 0;
P_0x1829b38 .param/l "PwrC" 2 17, +C4<01>;
v0x1829c00_0 .net *"_s0", 1 0, L_0x1830430; 1 drivers
v0x1829cc0_0 .alias "a", 0 0, v0x182ac30_0;
v0x1829d70_0 .alias "b", 0 0, v0x182a840_0;
v0x1829e20_0 .alias "c", 0 0, v0x182a8c0_0;
E_0x1829bb0 .event posedge, v0x1829000_0;
L_0x1830430 .concat [ 1 1 0 0], L_0x1831070, L_0x1830fd0;
L_0x18304d0 .delay (3,3,3) L_0x18304d0/d;
L_0x18304d0/d .reduce/and L_0x1830430;
S_0x1829570 .scope module, "g4" "and2_p" 2 77, 2 15, S_0x18287d0;
 .timescale 0 0;
P_0x1829668 .param/l "PwrC" 2 17, +C4<01>;
v0x1829770_0 .net *"_s0", 1 0, L_0x18305f0; 1 drivers
v0x1829830_0 .alias "a", 0 0, v0x182ad00_0;
v0x18298e0_0 .alias "b", 0 0, v0x182a840_0;
v0x1829960_0 .alias "c", 0 0, v0x182a940_0;
E_0x1829720 .event posedge, v0x1829080_0;
L_0x18305f0 .concat [ 1 1 0 0], L_0x1831150, L_0x1830fd0;
L_0x1830690 .delay (3,3,3) L_0x1830690/d;
L_0x1830690/d .reduce/and L_0x18305f0;
S_0x1829100 .scope module, "g5" "and2_p" 2 78, 2 15, S_0x18287d0;
 .timescale 0 0;
P_0x18291f8 .param/l "PwrC" 2 17, +C4<01>;
v0x18292d0_0 .net *"_s0", 1 0, L_0x1830800; 1 drivers
v0x1829390_0 .alias "a", 0 0, v0x182ae20_0;
v0x1829440_0 .alias "b", 0 0, v0x182a8c0_0;
v0x18294c0_0 .alias "c", 0 0, v0x182a940_0;
E_0x18276d0 .event posedge, v0x1828bd0_0;
L_0x1830800 .concat [ 1 1 0 0], L_0x1831150, L_0x1831070;
L_0x18308a0 .delay (3,3,3) L_0x18308a0/d;
L_0x18308a0/d .reduce/and L_0x1830800;
S_0x1828cf0 .scope module, "g6" "or2_p" 2 79, 2 30, S_0x18287d0;
 .timescale 0 0;
P_0x1828de8 .param/l "PwrC" 2 32, +C4<01>;
v0x1828ec0_0 .net *"_s0", 1 0, L_0x1830a10; 1 drivers
v0x1828f80_0 .alias "a", 0 0, v0x182aef0_0;
v0x1829000_0 .alias "b", 0 0, v0x182ac30_0;
v0x1829080_0 .alias "c", 0 0, v0x182ad00_0;
E_0x18270b0 .event posedge, v0x1828c70_0;
L_0x1830a10 .concat [ 1 1 0 0], L_0x1830690, L_0x18304d0;
L_0x1830bd0 .delay (3,3,3) L_0x1830bd0/d;
L_0x1830bd0/d .reduce/or L_0x1830a10;
S_0x1828900 .scope module, "g7" "or2_p" 2 80, 2 30, S_0x18287d0;
 .timescale 0 0;
P_0x18289f8 .param/l "PwrC" 2 32, +C4<01>;
v0x1828a70_0 .net *"_s0", 1 0, L_0x1830cf0; 1 drivers
v0x1828b30_0 .alias "a", 0 0, v0x182a9c0_0;
v0x1828bd0_0 .alias "b", 0 0, v0x182ae20_0;
v0x1828c70_0 .alias "c", 0 0, v0x182aef0_0;
E_0x1824d40 .event posedge, v0x1828b30_0;
L_0x1830cf0 .concat [ 1 1 0 0], L_0x1830bd0, L_0x18308a0;
L_0x1830eb0 .delay (3,3,3) L_0x1830eb0/d;
L_0x1830eb0/d .reduce/or L_0x1830cf0;
S_0x1825fd0 .scope module, "sum2" "Sum_comp" 2 99, 2 62, S_0x17dc5f0;
 .timescale 0 0;
P_0x1825ba8 .param/l "PwrC" 2 64, +C4<01>;
v0x1828040_0 .net "a", 0 0, L_0x18324a0; 1 drivers
v0x18280c0_0 .net "b", 0 0, L_0x1832630; 1 drivers
v0x1828140_0 .net "ci", 0 0, L_0x1832760; 1 drivers
v0x18281c0_0 .net "co", 0 0, L_0x1832380; 1 drivers
v0x1828270_0 .net "s", 0 0, L_0x18317e0; 1 drivers
v0x1828320_0 .net "x", 0 0, L_0x1831540; 1 drivers
v0x1828430_0 .net "z1", 0 0, L_0x18319a0; 1 drivers
v0x1828500_0 .net "z2", 0 0, L_0x1831b60; 1 drivers
v0x1828620_0 .net "z3", 0 0, L_0x1831d70; 1 drivers
v0x18286f0_0 .net "z4", 0 0, L_0x18320a0; 1 drivers
S_0x1827b80 .scope module, "g1" "xor2_p" 2 71, 2 45, S_0x1825fd0;
 .timescale 0 0;
P_0x1827c78 .param/l "PwrC" 2 47, +C4<01>;
v0x1827d30_0 .net *"_s0", 1 0, L_0x1831380; 1 drivers
v0x1827df0_0 .alias "a", 0 0, v0x1828320_0;
v0x1827ea0_0 .alias "b", 0 0, v0x1828040_0;
v0x1827f70_0 .alias "c", 0 0, v0x18280c0_0;
E_0x1827210 .event posedge, v0x18279e0_0;
L_0x1831380 .concat [ 1 1 0 0], L_0x1832630, L_0x18324a0;
L_0x1831540 .delay (3,3,3) L_0x1831540/d;
L_0x1831540/d .reduce/xor L_0x1831380;
S_0x1827700 .scope module, "g2" "xor2_p" 2 72, 2 45, S_0x1825fd0;
 .timescale 0 0;
P_0x18277f8 .param/l "PwrC" 2 47, +C4<01>;
v0x18278a0_0 .net *"_s0", 1 0, L_0x1831620; 1 drivers
v0x1827940_0 .alias "a", 0 0, v0x1828270_0;
v0x18279e0_0 .alias "b", 0 0, v0x1828320_0;
v0x1827a80_0 .alias "c", 0 0, v0x1828140_0;
E_0x1827870 .event posedge, v0x1827940_0;
L_0x1831620 .concat [ 1 1 0 0], L_0x1832760, L_0x1831540;
L_0x18317e0 .delay (3,3,3) L_0x18317e0/d;
L_0x18317e0/d .reduce/xor L_0x1831620;
S_0x1827240 .scope module, "g3" "and2_p" 2 76, 2 15, S_0x1825fd0;
 .timescale 0 0;
P_0x1827338 .param/l "PwrC" 2 17, +C4<01>;
v0x1827400_0 .net *"_s0", 1 0, L_0x1831900; 1 drivers
v0x18274c0_0 .alias "a", 0 0, v0x1828430_0;
v0x1827570_0 .alias "b", 0 0, v0x1828040_0;
v0x1827620_0 .alias "c", 0 0, v0x18280c0_0;
E_0x18273b0 .event posedge, v0x1826800_0;
L_0x1831900 .concat [ 1 1 0 0], L_0x1832630, L_0x18324a0;
L_0x18319a0 .delay (3,3,3) L_0x18319a0/d;
L_0x18319a0/d .reduce/and L_0x1831900;
S_0x1826d70 .scope module, "g4" "and2_p" 2 77, 2 15, S_0x1825fd0;
 .timescale 0 0;
P_0x1826e68 .param/l "PwrC" 2 17, +C4<01>;
v0x1826f70_0 .net *"_s0", 1 0, L_0x1831ac0; 1 drivers
v0x1827030_0 .alias "a", 0 0, v0x1828500_0;
v0x18270e0_0 .alias "b", 0 0, v0x1828040_0;
v0x1827160_0 .alias "c", 0 0, v0x1828140_0;
E_0x1826f20 .event posedge, v0x1826880_0;
L_0x1831ac0 .concat [ 1 1 0 0], L_0x1832760, L_0x18324a0;
L_0x1831b60 .delay (3,3,3) L_0x1831b60/d;
L_0x1831b60/d .reduce/and L_0x1831ac0;
S_0x1826900 .scope module, "g5" "and2_p" 2 78, 2 15, S_0x1825fd0;
 .timescale 0 0;
P_0x18269f8 .param/l "PwrC" 2 17, +C4<01>;
v0x1826ad0_0 .net *"_s0", 1 0, L_0x1831cd0; 1 drivers
v0x1826b90_0 .alias "a", 0 0, v0x1828620_0;
v0x1826c40_0 .alias "b", 0 0, v0x18280c0_0;
v0x1826cc0_0 .alias "c", 0 0, v0x1828140_0;
E_0x1824ed0 .event posedge, v0x18263d0_0;
L_0x1831cd0 .concat [ 1 1 0 0], L_0x1832760, L_0x1832630;
L_0x1831d70 .delay (3,3,3) L_0x1831d70/d;
L_0x1831d70/d .reduce/and L_0x1831cd0;
S_0x18264f0 .scope module, "g6" "or2_p" 2 79, 2 30, S_0x1825fd0;
 .timescale 0 0;
P_0x18265e8 .param/l "PwrC" 2 32, +C4<01>;
v0x18266c0_0 .net *"_s0", 1 0, L_0x1831ee0; 1 drivers
v0x1826780_0 .alias "a", 0 0, v0x18286f0_0;
v0x1826800_0 .alias "b", 0 0, v0x1828430_0;
v0x1826880_0 .alias "c", 0 0, v0x1828500_0;
E_0x18248b0 .event posedge, v0x1826470_0;
L_0x1831ee0 .concat [ 1 1 0 0], L_0x1831b60, L_0x18319a0;
L_0x18320a0 .delay (3,3,3) L_0x18320a0/d;
L_0x18320a0/d .reduce/or L_0x1831ee0;
S_0x1826100 .scope module, "g7" "or2_p" 2 80, 2 30, S_0x1825fd0;
 .timescale 0 0;
P_0x18261f8 .param/l "PwrC" 2 32, +C4<01>;
v0x1826270_0 .net *"_s0", 1 0, L_0x18321c0; 1 drivers
v0x1826330_0 .alias "a", 0 0, v0x18281c0_0;
v0x18263d0_0 .alias "b", 0 0, v0x1828620_0;
v0x1826470_0 .alias "c", 0 0, v0x18286f0_0;
E_0x1822540 .event posedge, v0x1826330_0;
L_0x18321c0 .concat [ 1 1 0 0], L_0x18320a0, L_0x1831d70;
L_0x1832380 .delay (3,3,3) L_0x1832380/d;
L_0x1832380/d .reduce/or L_0x18321c0;
S_0x18237d0 .scope module, "sum3" "Sum_comp" 2 100, 2 62, S_0x17dc5f0;
 .timescale 0 0;
P_0x18233a8 .param/l "PwrC" 2 64, +C4<01>;
v0x1825840_0 .net "a", 0 0, L_0x1833c10; 1 drivers
v0x18258c0_0 .net "b", 0 0, L_0x1833cb0; 1 drivers
v0x1825940_0 .net "ci", 0 0, L_0x1833de0; 1 drivers
v0x18259c0_0 .net "co", 0 0, L_0x1833af0; 1 drivers
v0x1825a70_0 .net "s", 0 0, L_0x1832ff0; 1 drivers
v0x1825b20_0 .net "x", 0 0, L_0x1832d10; 1 drivers
v0x1825c30_0 .net "z1", 0 0, L_0x18331b0; 1 drivers
v0x1825d00_0 .net "z2", 0 0, L_0x1833370; 1 drivers
v0x1825e20_0 .net "z3", 0 0, L_0x1833530; 1 drivers
v0x1825ef0_0 .net "z4", 0 0, L_0x1833810; 1 drivers
S_0x1825380 .scope module, "g1" "xor2_p" 2 71, 2 45, S_0x18237d0;
 .timescale 0 0;
P_0x1825478 .param/l "PwrC" 2 47, +C4<01>;
v0x1825530_0 .net *"_s0", 1 0, L_0x1832b50; 1 drivers
v0x18255f0_0 .alias "a", 0 0, v0x1825b20_0;
v0x18256a0_0 .alias "b", 0 0, v0x1825840_0;
v0x1825770_0 .alias "c", 0 0, v0x18258c0_0;
E_0x1824a10 .event posedge, v0x18251e0_0;
L_0x1832b50 .concat [ 1 1 0 0], L_0x1833cb0, L_0x1833c10;
L_0x1832d10 .delay (3,3,3) L_0x1832d10/d;
L_0x1832d10/d .reduce/xor L_0x1832b50;
S_0x1824f00 .scope module, "g2" "xor2_p" 2 72, 2 45, S_0x18237d0;
 .timescale 0 0;
P_0x1824ff8 .param/l "PwrC" 2 47, +C4<01>;
v0x18250a0_0 .net *"_s0", 1 0, L_0x1832e30; 1 drivers
v0x1825140_0 .alias "a", 0 0, v0x1825a70_0;
v0x18251e0_0 .alias "b", 0 0, v0x1825b20_0;
v0x1825280_0 .alias "c", 0 0, v0x1825940_0;
E_0x1825070 .event posedge, v0x1825140_0;
L_0x1832e30 .concat [ 1 1 0 0], L_0x1833de0, L_0x1832d10;
L_0x1832ff0 .delay (3,3,3) L_0x1832ff0/d;
L_0x1832ff0/d .reduce/xor L_0x1832e30;
S_0x1824a40 .scope module, "g3" "and2_p" 2 76, 2 15, S_0x18237d0;
 .timescale 0 0;
P_0x1824b38 .param/l "PwrC" 2 17, +C4<01>;
v0x1824c00_0 .net *"_s0", 1 0, L_0x1833110; 1 drivers
v0x1824cc0_0 .alias "a", 0 0, v0x1825c30_0;
v0x1824d70_0 .alias "b", 0 0, v0x1825840_0;
v0x1824e20_0 .alias "c", 0 0, v0x18258c0_0;
E_0x1824bb0 .event posedge, v0x1824000_0;
L_0x1833110 .concat [ 1 1 0 0], L_0x1833cb0, L_0x1833c10;
L_0x18331b0 .delay (3,3,3) L_0x18331b0/d;
L_0x18331b0/d .reduce/and L_0x1833110;
S_0x1824570 .scope module, "g4" "and2_p" 2 77, 2 15, S_0x18237d0;
 .timescale 0 0;
P_0x1824668 .param/l "PwrC" 2 17, +C4<01>;
v0x1824770_0 .net *"_s0", 1 0, L_0x18332d0; 1 drivers
v0x1824830_0 .alias "a", 0 0, v0x1825d00_0;
v0x18248e0_0 .alias "b", 0 0, v0x1825840_0;
v0x1824960_0 .alias "c", 0 0, v0x1825940_0;
E_0x1824720 .event posedge, v0x1824080_0;
L_0x18332d0 .concat [ 1 1 0 0], L_0x1833de0, L_0x1833c10;
L_0x1833370 .delay (3,3,3) L_0x1833370/d;
L_0x1833370/d .reduce/and L_0x18332d0;
S_0x1824100 .scope module, "g5" "and2_p" 2 78, 2 15, S_0x18237d0;
 .timescale 0 0;
P_0x18241f8 .param/l "PwrC" 2 17, +C4<01>;
v0x18242d0_0 .net *"_s0", 1 0, L_0x1833490; 1 drivers
v0x1824390_0 .alias "a", 0 0, v0x1825e20_0;
v0x1824440_0 .alias "b", 0 0, v0x18258c0_0;
v0x18244c0_0 .alias "c", 0 0, v0x1825940_0;
E_0x18226d0 .event posedge, v0x1823bd0_0;
L_0x1833490 .concat [ 1 1 0 0], L_0x1833de0, L_0x1833cb0;
L_0x1833530 .delay (3,3,3) L_0x1833530/d;
L_0x1833530/d .reduce/and L_0x1833490;
S_0x1823cf0 .scope module, "g6" "or2_p" 2 79, 2 30, S_0x18237d0;
 .timescale 0 0;
P_0x1823de8 .param/l "PwrC" 2 32, +C4<01>;
v0x1823ec0_0 .net *"_s0", 1 0, L_0x1833650; 1 drivers
v0x1823f80_0 .alias "a", 0 0, v0x1825ef0_0;
v0x1824000_0 .alias "b", 0 0, v0x1825c30_0;
v0x1824080_0 .alias "c", 0 0, v0x1825d00_0;
E_0x18220b0 .event posedge, v0x1823c70_0;
L_0x1833650 .concat [ 1 1 0 0], L_0x1833370, L_0x18331b0;
L_0x1833810 .delay (3,3,3) L_0x1833810/d;
L_0x1833810/d .reduce/or L_0x1833650;
S_0x1823900 .scope module, "g7" "or2_p" 2 80, 2 30, S_0x18237d0;
 .timescale 0 0;
P_0x18239f8 .param/l "PwrC" 2 32, +C4<01>;
v0x1823a70_0 .net *"_s0", 1 0, L_0x1833930; 1 drivers
v0x1823b30_0 .alias "a", 0 0, v0x18259c0_0;
v0x1823bd0_0 .alias "b", 0 0, v0x1825e20_0;
v0x1823c70_0 .alias "c", 0 0, v0x1825ef0_0;
E_0x181fd40 .event posedge, v0x1823b30_0;
L_0x1833930 .concat [ 1 1 0 0], L_0x1833810, L_0x1833530;
L_0x1833af0 .delay (3,3,3) L_0x1833af0/d;
L_0x1833af0/d .reduce/or L_0x1833930;
S_0x1820fd0 .scope module, "sum4" "Sum_comp" 2 101, 2 62, S_0x17dc5f0;
 .timescale 0 0;
P_0x1820ba8 .param/l "PwrC" 2 64, +C4<01>;
v0x1823040_0 .net "a", 0 0, L_0x1835090; 1 drivers
v0x18230c0_0 .net "b", 0 0, L_0x1833f20; 1 drivers
v0x1823140_0 .net "ci", 0 0, L_0x18351e0; 1 drivers
v0x18231c0_0 .net "co", 0 0, L_0x1834f70; 1 drivers
v0x1823270_0 .net "s", 0 0, L_0x1834470; 1 drivers
v0x1823320_0 .net "x", 0 0, L_0x1834190; 1 drivers
v0x1823430_0 .net "z1", 0 0, L_0x1834630; 1 drivers
v0x1823500_0 .net "z2", 0 0, L_0x18347f0; 1 drivers
v0x1823620_0 .net "z3", 0 0, L_0x18349b0; 1 drivers
v0x18236f0_0 .net "z4", 0 0, L_0x1834c90; 1 drivers
S_0x1822b80 .scope module, "g1" "xor2_p" 2 71, 2 45, S_0x1820fd0;
 .timescale 0 0;
P_0x1822c78 .param/l "PwrC" 2 47, +C4<01>;
v0x1822d30_0 .net *"_s0", 1 0, L_0x1834060; 1 drivers
v0x1822df0_0 .alias "a", 0 0, v0x1823320_0;
v0x1822ea0_0 .alias "b", 0 0, v0x1823040_0;
v0x1822f70_0 .alias "c", 0 0, v0x18230c0_0;
E_0x1822210 .event posedge, v0x18229e0_0;
L_0x1834060 .concat [ 1 1 0 0], L_0x1833f20, L_0x1835090;
L_0x1834190 .delay (3,3,3) L_0x1834190/d;
L_0x1834190/d .reduce/xor L_0x1834060;
S_0x1822700 .scope module, "g2" "xor2_p" 2 72, 2 45, S_0x1820fd0;
 .timescale 0 0;
P_0x18227f8 .param/l "PwrC" 2 47, +C4<01>;
v0x18228a0_0 .net *"_s0", 1 0, L_0x18342b0; 1 drivers
v0x1822940_0 .alias "a", 0 0, v0x1823270_0;
v0x18229e0_0 .alias "b", 0 0, v0x1823320_0;
v0x1822a80_0 .alias "c", 0 0, v0x1823140_0;
E_0x1822870 .event posedge, v0x1822940_0;
L_0x18342b0 .concat [ 1 1 0 0], L_0x18351e0, L_0x1834190;
L_0x1834470 .delay (3,3,3) L_0x1834470/d;
L_0x1834470/d .reduce/xor L_0x18342b0;
S_0x1822240 .scope module, "g3" "and2_p" 2 76, 2 15, S_0x1820fd0;
 .timescale 0 0;
P_0x1822338 .param/l "PwrC" 2 17, +C4<01>;
v0x1822400_0 .net *"_s0", 1 0, L_0x1834590; 1 drivers
v0x18224c0_0 .alias "a", 0 0, v0x1823430_0;
v0x1822570_0 .alias "b", 0 0, v0x1823040_0;
v0x1822620_0 .alias "c", 0 0, v0x18230c0_0;
E_0x18223b0 .event posedge, v0x1821800_0;
L_0x1834590 .concat [ 1 1 0 0], L_0x1833f20, L_0x1835090;
L_0x1834630 .delay (3,3,3) L_0x1834630/d;
L_0x1834630/d .reduce/and L_0x1834590;
S_0x1821d70 .scope module, "g4" "and2_p" 2 77, 2 15, S_0x1820fd0;
 .timescale 0 0;
P_0x1821e68 .param/l "PwrC" 2 17, +C4<01>;
v0x1821f70_0 .net *"_s0", 1 0, L_0x1834750; 1 drivers
v0x1822030_0 .alias "a", 0 0, v0x1823500_0;
v0x18220e0_0 .alias "b", 0 0, v0x1823040_0;
v0x1822160_0 .alias "c", 0 0, v0x1823140_0;
E_0x1821f20 .event posedge, v0x1821880_0;
L_0x1834750 .concat [ 1 1 0 0], L_0x18351e0, L_0x1835090;
L_0x18347f0 .delay (3,3,3) L_0x18347f0/d;
L_0x18347f0/d .reduce/and L_0x1834750;
S_0x1821900 .scope module, "g5" "and2_p" 2 78, 2 15, S_0x1820fd0;
 .timescale 0 0;
P_0x18219f8 .param/l "PwrC" 2 17, +C4<01>;
v0x1821ad0_0 .net *"_s0", 1 0, L_0x1834910; 1 drivers
v0x1821b90_0 .alias "a", 0 0, v0x1823620_0;
v0x1821c40_0 .alias "b", 0 0, v0x18230c0_0;
v0x1821cc0_0 .alias "c", 0 0, v0x1823140_0;
E_0x181fed0 .event posedge, v0x18213d0_0;
L_0x1834910 .concat [ 1 1 0 0], L_0x18351e0, L_0x1833f20;
L_0x18349b0 .delay (3,3,3) L_0x18349b0/d;
L_0x18349b0/d .reduce/and L_0x1834910;
S_0x18214f0 .scope module, "g6" "or2_p" 2 79, 2 30, S_0x1820fd0;
 .timescale 0 0;
P_0x18215e8 .param/l "PwrC" 2 32, +C4<01>;
v0x18216c0_0 .net *"_s0", 1 0, L_0x1834ad0; 1 drivers
v0x1821780_0 .alias "a", 0 0, v0x18236f0_0;
v0x1821800_0 .alias "b", 0 0, v0x1823430_0;
v0x1821880_0 .alias "c", 0 0, v0x1823500_0;
E_0x181f8b0 .event posedge, v0x1821470_0;
L_0x1834ad0 .concat [ 1 1 0 0], L_0x18347f0, L_0x1834630;
L_0x1834c90 .delay (3,3,3) L_0x1834c90/d;
L_0x1834c90/d .reduce/or L_0x1834ad0;
S_0x1821100 .scope module, "g7" "or2_p" 2 80, 2 30, S_0x1820fd0;
 .timescale 0 0;
P_0x18211f8 .param/l "PwrC" 2 32, +C4<01>;
v0x1821270_0 .net *"_s0", 1 0, L_0x1834db0; 1 drivers
v0x1821330_0 .alias "a", 0 0, v0x18231c0_0;
v0x18213d0_0 .alias "b", 0 0, v0x1823620_0;
v0x1821470_0 .alias "c", 0 0, v0x18236f0_0;
E_0x181d540 .event posedge, v0x1821330_0;
L_0x1834db0 .concat [ 1 1 0 0], L_0x1834c90, L_0x18349b0;
L_0x1834f70 .delay (3,3,3) L_0x1834f70/d;
L_0x1834f70/d .reduce/or L_0x1834db0;
S_0x181e7d0 .scope module, "sum5" "Sum_comp" 2 102, 2 62, S_0x17dc5f0;
 .timescale 0 0;
P_0x181e3a8 .param/l "PwrC" 2 64, +C4<01>;
v0x1820840_0 .net "a", 0 0, L_0x1836530; 1 drivers
v0x18208c0_0 .net "b", 0 0, L_0x18365d0; 1 drivers
v0x1820940_0 .net "ci", 0 0, L_0x18354f0; 1 drivers
v0x18209c0_0 .net "co", 0 0, L_0x1836410; 1 drivers
v0x1820a70_0 .net "s", 0 0, L_0x1835910; 1 drivers
v0x1820b20_0 .net "x", 0 0, L_0x1835650; 1 drivers
v0x1820c30_0 .net "z1", 0 0, L_0x1835ad0; 1 drivers
v0x1820d00_0 .net "z2", 0 0, L_0x1835c90; 1 drivers
v0x1820e20_0 .net "z3", 0 0, L_0x1835e50; 1 drivers
v0x1820ef0_0 .net "z4", 0 0, L_0x1836130; 1 drivers
S_0x1820380 .scope module, "g1" "xor2_p" 2 71, 2 45, S_0x181e7d0;
 .timescale 0 0;
P_0x1820478 .param/l "PwrC" 2 47, +C4<01>;
v0x1820530_0 .net *"_s0", 1 0, L_0x1835390; 1 drivers
v0x18205f0_0 .alias "a", 0 0, v0x1820b20_0;
v0x18206a0_0 .alias "b", 0 0, v0x1820840_0;
v0x1820770_0 .alias "c", 0 0, v0x18208c0_0;
E_0x181fa10 .event posedge, v0x18201e0_0;
L_0x1835390 .concat [ 1 1 0 0], L_0x18365d0, L_0x1836530;
L_0x1835650 .delay (3,3,3) L_0x1835650/d;
L_0x1835650/d .reduce/xor L_0x1835390;
S_0x181ff00 .scope module, "g2" "xor2_p" 2 72, 2 45, S_0x181e7d0;
 .timescale 0 0;
P_0x181fff8 .param/l "PwrC" 2 47, +C4<01>;
v0x18200a0_0 .net *"_s0", 1 0, L_0x1835750; 1 drivers
v0x1820140_0 .alias "a", 0 0, v0x1820a70_0;
v0x18201e0_0 .alias "b", 0 0, v0x1820b20_0;
v0x1820280_0 .alias "c", 0 0, v0x1820940_0;
E_0x1820070 .event posedge, v0x1820140_0;
L_0x1835750 .concat [ 1 1 0 0], L_0x18354f0, L_0x1835650;
L_0x1835910 .delay (3,3,3) L_0x1835910/d;
L_0x1835910/d .reduce/xor L_0x1835750;
S_0x181fa40 .scope module, "g3" "and2_p" 2 76, 2 15, S_0x181e7d0;
 .timescale 0 0;
P_0x181fb38 .param/l "PwrC" 2 17, +C4<01>;
v0x181fc00_0 .net *"_s0", 1 0, L_0x1835a30; 1 drivers
v0x181fcc0_0 .alias "a", 0 0, v0x1820c30_0;
v0x181fd70_0 .alias "b", 0 0, v0x1820840_0;
v0x181fe20_0 .alias "c", 0 0, v0x18208c0_0;
E_0x181fbb0 .event posedge, v0x181f000_0;
L_0x1835a30 .concat [ 1 1 0 0], L_0x18365d0, L_0x1836530;
L_0x1835ad0 .delay (3,3,3) L_0x1835ad0/d;
L_0x1835ad0/d .reduce/and L_0x1835a30;
S_0x181f570 .scope module, "g4" "and2_p" 2 77, 2 15, S_0x181e7d0;
 .timescale 0 0;
P_0x181f668 .param/l "PwrC" 2 17, +C4<01>;
v0x181f770_0 .net *"_s0", 1 0, L_0x1835bf0; 1 drivers
v0x181f830_0 .alias "a", 0 0, v0x1820d00_0;
v0x181f8e0_0 .alias "b", 0 0, v0x1820840_0;
v0x181f960_0 .alias "c", 0 0, v0x1820940_0;
E_0x181f720 .event posedge, v0x181f080_0;
L_0x1835bf0 .concat [ 1 1 0 0], L_0x18354f0, L_0x1836530;
L_0x1835c90 .delay (3,3,3) L_0x1835c90/d;
L_0x1835c90/d .reduce/and L_0x1835bf0;
S_0x181f100 .scope module, "g5" "and2_p" 2 78, 2 15, S_0x181e7d0;
 .timescale 0 0;
P_0x181f1f8 .param/l "PwrC" 2 17, +C4<01>;
v0x181f2d0_0 .net *"_s0", 1 0, L_0x1835db0; 1 drivers
v0x181f390_0 .alias "a", 0 0, v0x1820e20_0;
v0x181f440_0 .alias "b", 0 0, v0x18208c0_0;
v0x181f4c0_0 .alias "c", 0 0, v0x1820940_0;
E_0x181d6d0 .event posedge, v0x181ebd0_0;
L_0x1835db0 .concat [ 1 1 0 0], L_0x18354f0, L_0x18365d0;
L_0x1835e50 .delay (3,3,3) L_0x1835e50/d;
L_0x1835e50/d .reduce/and L_0x1835db0;
S_0x181ecf0 .scope module, "g6" "or2_p" 2 79, 2 30, S_0x181e7d0;
 .timescale 0 0;
P_0x181ede8 .param/l "PwrC" 2 32, +C4<01>;
v0x181eec0_0 .net *"_s0", 1 0, L_0x1835f70; 1 drivers
v0x181ef80_0 .alias "a", 0 0, v0x1820ef0_0;
v0x181f000_0 .alias "b", 0 0, v0x1820c30_0;
v0x181f080_0 .alias "c", 0 0, v0x1820d00_0;
E_0x181d0b0 .event posedge, v0x181ec70_0;
L_0x1835f70 .concat [ 1 1 0 0], L_0x1835c90, L_0x1835ad0;
L_0x1836130 .delay (3,3,3) L_0x1836130/d;
L_0x1836130/d .reduce/or L_0x1835f70;
S_0x181e900 .scope module, "g7" "or2_p" 2 80, 2 30, S_0x181e7d0;
 .timescale 0 0;
P_0x181e9f8 .param/l "PwrC" 2 32, +C4<01>;
v0x181ea70_0 .net *"_s0", 1 0, L_0x1836250; 1 drivers
v0x181eb30_0 .alias "a", 0 0, v0x18209c0_0;
v0x181ebd0_0 .alias "b", 0 0, v0x1820e20_0;
v0x181ec70_0 .alias "c", 0 0, v0x1820ef0_0;
E_0x181ad40 .event posedge, v0x181eb30_0;
L_0x1836250 .concat [ 1 1 0 0], L_0x1836130, L_0x1835e50;
L_0x1836410 .delay (3,3,3) L_0x1836410/d;
L_0x1836410/d .reduce/or L_0x1836250;
S_0x181bfd0 .scope module, "sum6" "Sum_comp" 2 103, 2 62, S_0x17dc5f0;
 .timescale 0 0;
P_0x181bba8 .param/l "PwrC" 2 64, +C4<01>;
v0x181e040_0 .net "a", 0 0, L_0x1837960; 1 drivers
v0x181e0c0_0 .net "b", 0 0, L_0x18367f0; 1 drivers
v0x181e140_0 .net "ci", 0 0, L_0x1837d20; 1 drivers
v0x181e1c0_0 .net "co", 0 0, L_0x1837840; 1 drivers
v0x181e270_0 .net "s", 0 0, L_0x1836d40; 1 drivers
v0x181e320_0 .net "x", 0 0, L_0x1836aa0; 1 drivers
v0x181e430_0 .net "z1", 0 0, L_0x1836f00; 1 drivers
v0x181e500_0 .net "z2", 0 0, L_0x18370c0; 1 drivers
v0x181e620_0 .net "z3", 0 0, L_0x1837280; 1 drivers
v0x181e6f0_0 .net "z4", 0 0, L_0x1837560; 1 drivers
S_0x181db80 .scope module, "g1" "xor2_p" 2 71, 2 45, S_0x181bfd0;
 .timescale 0 0;
P_0x181dc78 .param/l "PwrC" 2 47, +C4<01>;
v0x181dd30_0 .net *"_s0", 1 0, L_0x18368e0; 1 drivers
v0x181ddf0_0 .alias "a", 0 0, v0x181e320_0;
v0x181dea0_0 .alias "b", 0 0, v0x181e040_0;
v0x181df70_0 .alias "c", 0 0, v0x181e0c0_0;
E_0x181d210 .event posedge, v0x181d9e0_0;
L_0x18368e0 .concat [ 1 1 0 0], L_0x18367f0, L_0x1837960;
L_0x1836aa0 .delay (3,3,3) L_0x1836aa0/d;
L_0x1836aa0/d .reduce/xor L_0x18368e0;
S_0x181d700 .scope module, "g2" "xor2_p" 2 72, 2 45, S_0x181bfd0;
 .timescale 0 0;
P_0x181d7f8 .param/l "PwrC" 2 47, +C4<01>;
v0x181d8a0_0 .net *"_s0", 1 0, L_0x1836b60; 1 drivers
v0x181d940_0 .alias "a", 0 0, v0x181e270_0;
v0x181d9e0_0 .alias "b", 0 0, v0x181e320_0;
v0x181da80_0 .alias "c", 0 0, v0x181e140_0;
E_0x181d870 .event posedge, v0x181d940_0;
L_0x1836b60 .concat [ 1 1 0 0], L_0x1837d20, L_0x1836aa0;
L_0x1836d40 .delay (3,3,3) L_0x1836d40/d;
L_0x1836d40/d .reduce/xor L_0x1836b60;
S_0x181d240 .scope module, "g3" "and2_p" 2 76, 2 15, S_0x181bfd0;
 .timescale 0 0;
P_0x181d338 .param/l "PwrC" 2 17, +C4<01>;
v0x181d400_0 .net *"_s0", 1 0, L_0x1836e60; 1 drivers
v0x181d4c0_0 .alias "a", 0 0, v0x181e430_0;
v0x181d570_0 .alias "b", 0 0, v0x181e040_0;
v0x181d620_0 .alias "c", 0 0, v0x181e0c0_0;
E_0x181d3b0 .event posedge, v0x181c800_0;
L_0x1836e60 .concat [ 1 1 0 0], L_0x18367f0, L_0x1837960;
L_0x1836f00 .delay (3,3,3) L_0x1836f00/d;
L_0x1836f00/d .reduce/and L_0x1836e60;
S_0x181cd70 .scope module, "g4" "and2_p" 2 77, 2 15, S_0x181bfd0;
 .timescale 0 0;
P_0x181ce68 .param/l "PwrC" 2 17, +C4<01>;
v0x181cf70_0 .net *"_s0", 1 0, L_0x1837020; 1 drivers
v0x181d030_0 .alias "a", 0 0, v0x181e500_0;
v0x181d0e0_0 .alias "b", 0 0, v0x181e040_0;
v0x181d160_0 .alias "c", 0 0, v0x181e140_0;
E_0x181cf20 .event posedge, v0x181c880_0;
L_0x1837020 .concat [ 1 1 0 0], L_0x1837d20, L_0x1837960;
L_0x18370c0 .delay (3,3,3) L_0x18370c0/d;
L_0x18370c0/d .reduce/and L_0x1837020;
S_0x181c900 .scope module, "g5" "and2_p" 2 78, 2 15, S_0x181bfd0;
 .timescale 0 0;
P_0x181c9f8 .param/l "PwrC" 2 17, +C4<01>;
v0x181cad0_0 .net *"_s0", 1 0, L_0x18371e0; 1 drivers
v0x181cb90_0 .alias "a", 0 0, v0x181e620_0;
v0x181cc40_0 .alias "b", 0 0, v0x181e0c0_0;
v0x181ccc0_0 .alias "c", 0 0, v0x181e140_0;
E_0x181aed0 .event posedge, v0x181c3d0_0;
L_0x18371e0 .concat [ 1 1 0 0], L_0x1837d20, L_0x18367f0;
L_0x1837280 .delay (3,3,3) L_0x1837280/d;
L_0x1837280/d .reduce/and L_0x18371e0;
S_0x181c4f0 .scope module, "g6" "or2_p" 2 79, 2 30, S_0x181bfd0;
 .timescale 0 0;
P_0x181c5e8 .param/l "PwrC" 2 32, +C4<01>;
v0x181c6c0_0 .net *"_s0", 1 0, L_0x18373a0; 1 drivers
v0x181c780_0 .alias "a", 0 0, v0x181e6f0_0;
v0x181c800_0 .alias "b", 0 0, v0x181e430_0;
v0x181c880_0 .alias "c", 0 0, v0x181e500_0;
E_0x181a8b0 .event posedge, v0x181c470_0;
L_0x18373a0 .concat [ 1 1 0 0], L_0x18370c0, L_0x1836f00;
L_0x1837560 .delay (3,3,3) L_0x1837560/d;
L_0x1837560/d .reduce/or L_0x18373a0;
S_0x181c100 .scope module, "g7" "or2_p" 2 80, 2 30, S_0x181bfd0;
 .timescale 0 0;
P_0x181c1f8 .param/l "PwrC" 2 32, +C4<01>;
v0x181c270_0 .net *"_s0", 1 0, L_0x1837680; 1 drivers
v0x181c330_0 .alias "a", 0 0, v0x181e1c0_0;
v0x181c3d0_0 .alias "b", 0 0, v0x181e620_0;
v0x181c470_0 .alias "c", 0 0, v0x181e6f0_0;
E_0x1819f70 .event posedge, v0x181c330_0;
L_0x1837680 .concat [ 1 1 0 0], L_0x1837560, L_0x1837280;
L_0x1837840 .delay (3,3,3) L_0x1837840/d;
L_0x1837840/d .reduce/or L_0x1837680;
S_0x1800470 .scope module, "sum7" "Sum_comp" 2 104, 2 62, S_0x17dc5f0;
 .timescale 0 0;
P_0x17ba058 .param/l "PwrC" 2 64, +C4<01>;
v0x181b840_0 .net "a", 0 0, L_0x1838fa0; 1 drivers
v0x181b8c0_0 .net "b", 0 0, L_0x1839040; 1 drivers
v0x181b940_0 .net "ci", 0 0, L_0x1838080; 1 drivers
v0x181b9c0_0 .alias "co", 0 0, v0x182e470_0;
v0x181ba70_0 .net "s", 0 0, L_0x1838370; 1 drivers
v0x181bb20_0 .net "x", 0 0, L_0x18381a0; 1 drivers
v0x181bc30_0 .net "z1", 0 0, L_0x18384b0; 1 drivers
v0x181bd00_0 .net "z2", 0 0, L_0x1838670; 1 drivers
v0x181be20_0 .net "z3", 0 0, L_0x1838830; 1 drivers
v0x181bef0_0 .net "z4", 0 0, L_0x1838b10; 1 drivers
S_0x181b380 .scope module, "g1" "xor2_p" 2 71, 2 45, S_0x1800470;
 .timescale 0 0;
P_0x181b478 .param/l "PwrC" 2 47, +C4<01>;
v0x181b530_0 .net *"_s0", 1 0, L_0x1837dc0; 1 drivers
v0x181b5f0_0 .alias "a", 0 0, v0x181bb20_0;
v0x181b6a0_0 .alias "b", 0 0, v0x181b840_0;
v0x181b770_0 .alias "c", 0 0, v0x181b8c0_0;
E_0x181aa10 .event posedge, v0x181b1e0_0;
L_0x1837dc0 .concat [ 1 1 0 0], L_0x1839040, L_0x1838fa0;
L_0x18381a0 .delay (3,3,3) L_0x18381a0/d;
L_0x18381a0/d .reduce/xor L_0x1837dc0;
S_0x181af00 .scope module, "g2" "xor2_p" 2 72, 2 45, S_0x1800470;
 .timescale 0 0;
P_0x181aff8 .param/l "PwrC" 2 47, +C4<01>;
v0x181b0a0_0 .net *"_s0", 1 0, L_0x1838240; 1 drivers
v0x181b140_0 .alias "a", 0 0, v0x181ba70_0;
v0x181b1e0_0 .alias "b", 0 0, v0x181bb20_0;
v0x181b280_0 .alias "c", 0 0, v0x181b940_0;
E_0x181b070 .event posedge, v0x181b140_0;
L_0x1838240 .concat [ 1 1 0 0], L_0x1838080, L_0x18381a0;
L_0x1838370 .delay (3,3,3) L_0x1838370/d;
L_0x1838370/d .reduce/xor L_0x1838240;
S_0x181aa40 .scope module, "g3" "and2_p" 2 76, 2 15, S_0x1800470;
 .timescale 0 0;
P_0x181ab38 .param/l "PwrC" 2 17, +C4<01>;
v0x181ac00_0 .net *"_s0", 1 0, L_0x1838410; 1 drivers
v0x181acc0_0 .alias "a", 0 0, v0x181bc30_0;
v0x181ad70_0 .alias "b", 0 0, v0x181b840_0;
v0x181ae20_0 .alias "c", 0 0, v0x181b8c0_0;
E_0x181abb0 .event posedge, v0x1819fa0_0;
L_0x1838410 .concat [ 1 1 0 0], L_0x1839040, L_0x1838fa0;
L_0x18384b0 .delay (3,3,3) L_0x18384b0/d;
L_0x18384b0/d .reduce/and L_0x1838410;
S_0x181a570 .scope module, "g4" "and2_p" 2 77, 2 15, S_0x1800470;
 .timescale 0 0;
P_0x181a668 .param/l "PwrC" 2 17, +C4<01>;
v0x181a770_0 .net *"_s0", 1 0, L_0x18385d0; 1 drivers
v0x181a830_0 .alias "a", 0 0, v0x181bd00_0;
v0x181a8e0_0 .alias "b", 0 0, v0x181b840_0;
v0x181a960_0 .alias "c", 0 0, v0x181b940_0;
E_0x181a720 .event posedge, v0x181a020_0;
L_0x18385d0 .concat [ 1 1 0 0], L_0x1838080, L_0x1838fa0;
L_0x1838670 .delay (3,3,3) L_0x1838670/d;
L_0x1838670/d .reduce/and L_0x18385d0;
S_0x181a0d0 .scope module, "g5" "and2_p" 2 78, 2 15, S_0x1800470;
 .timescale 0 0;
P_0x181a1c8 .param/l "PwrC" 2 17, +C4<01>;
v0x181a2d0_0 .net *"_s0", 1 0, L_0x1838790; 1 drivers
v0x181a390_0 .alias "a", 0 0, v0x181be20_0;
v0x181a440_0 .alias "b", 0 0, v0x181b8c0_0;
v0x181a4c0_0 .alias "c", 0 0, v0x181b940_0;
E_0x181a280 .event posedge, v0x1819ae0_0;
L_0x1838790 .concat [ 1 1 0 0], L_0x1838080, L_0x1839040;
L_0x1838830 .delay (3,3,3) L_0x1838830/d;
L_0x1838830/d .reduce/and L_0x1838790;
S_0x1819c30 .scope module, "g6" "or2_p" 2 79, 2 30, S_0x1800470;
 .timescale 0 0;
P_0x1819d28 .param/l "PwrC" 2 32, +C4<01>;
v0x1819e30_0 .net *"_s0", 1 0, L_0x1838950; 1 drivers
v0x1819ef0_0 .alias "a", 0 0, v0x181bef0_0;
v0x1819fa0_0 .alias "b", 0 0, v0x181bc30_0;
v0x181a020_0 .alias "c", 0 0, v0x181bd00_0;
E_0x1819de0 .event posedge, v0x1819b80_0;
L_0x1838950 .concat [ 1 1 0 0], L_0x1838670, L_0x18384b0;
L_0x1838b10 .delay (3,3,3) L_0x1838b10/d;
L_0x1838b10/d .reduce/or L_0x1838950;
S_0x1800200 .scope module, "g7" "or2_p" 2 80, 2 30, S_0x1800470;
 .timescale 0 0;
P_0x18005b8 .param/l "PwrC" 2 32, +C4<01>;
v0x17d04a0_0 .net *"_s0", 1 0, L_0x1838c30; 1 drivers
v0x1819a40_0 .alias "a", 0 0, v0x182e470_0;
v0x1819ae0_0 .alias "b", 0 0, v0x181be20_0;
v0x1819b80_0 .alias "c", 0 0, v0x181bef0_0;
E_0x17d18e0 .event posedge, v0x1819a40_0;
L_0x1838c30 .concat [ 1 1 0 0], L_0x1838b10, L_0x1838830;
L_0x1838df0 .delay (3,3,3) L_0x1838df0/d;
L_0x1838df0/d .reduce/or L_0x1838c30;
    .scope S_0x182db60;
T_0 ;
    %wait E_0x1829d40;
    %load/v 8, v0x182dc90_0, 1;
    %inv 8, 1;
    %jmp/0xz  T_0.0, 8;
    %load/v 8, v0x182def0_0, 32;
    %ix/getv 3, v0x182df90_0;
   %jmp/1 t_0, 4;
   %ix/load 1, 0, 0;
   %set/av v0x182dd50, 8, 32;
t_0 ;
T_0.0 ;
    %jmp T_0;
    .thread T_0;
    .scope S_0x182cb80;
T_1 ;
    %wait E_0x182c210;
    %ix/load 3, 1, 0;
    %mov 4, 0, 1;
    %load/av 8, v0x182dd50, 32;
    %mov 40, 0, 1;
    %addi 8, 1, 33;
   %ix/load 1, 0, 0;
   %ix/load 3, 1, 0;
   %set/av v0x182dd50, 8, 32;
    %jmp T_1;
    .thread T_1;
    .scope S_0x182c700;
T_2 ;
    %wait E_0x182c870;
    %ix/load 3, 1, 0;
    %mov 4, 0, 1;
    %load/av 8, v0x182dd50, 32;
    %mov 40, 0, 1;
    %addi 8, 1, 33;
   %ix/load 1, 0, 0;
   %ix/load 3, 1, 0;
   %set/av v0x182dd50, 8, 32;
    %jmp T_2;
    .thread T_2;
    .scope S_0x182c240;
T_3 ;
    %wait E_0x182c3b0;
    %ix/load 3, 1, 0;
    %mov 4, 0, 1;
    %load/av 8, v0x182dd50, 32;
    %mov 40, 0, 1;
    %addi 8, 1, 33;
   %ix/load 1, 0, 0;
   %ix/load 3, 1, 0;
   %set/av v0x182dd50, 8, 32;
    %jmp T_3;
    .thread T_3;
    .scope S_0x182bd70;
T_4 ;
    %wait E_0x182bf20;
    %ix/load 3, 1, 0;
    %mov 4, 0, 1;
    %load/av 8, v0x182dd50, 32;
    %mov 40, 0, 1;
    %addi 8, 1, 33;
   %ix/load 1, 0, 0;
   %ix/load 3, 1, 0;
   %set/av v0x182dd50, 8, 32;
    %jmp T_4;
    .thread T_4;
    .scope S_0x182b900;
T_5 ;
    %wait E_0x1829ed0;
    %ix/load 3, 1, 0;
    %mov 4, 0, 1;
    %load/av 8, v0x182dd50, 32;
    %mov 40, 0, 1;
    %addi 8, 1, 33;
   %ix/load 1, 0, 0;
   %ix/load 3, 1, 0;
   %set/av v0x182dd50, 8, 32;
    %jmp T_5;
    .thread T_5;
    .scope S_0x182b4f0;
T_6 ;
    %wait E_0x18298b0;
    %ix/load 3, 1, 0;
    %mov 4, 0, 1;
    %load/av 8, v0x182dd50, 32;
    %mov 40, 0, 1;
    %addi 8, 1, 33;
   %ix/load 1, 0, 0;
   %ix/load 3, 1, 0;
   %set/av v0x182dd50, 8, 32;
    %jmp T_6;
    .thread T_6;
    .scope S_0x182b100;
T_7 ;
    %wait E_0x1827540;
    %ix/load 3, 1, 0;
    %mov 4, 0, 1;
    %load/av 8, v0x182dd50, 32;
    %mov 40, 0, 1;
    %addi 8, 1, 33;
   %ix/load 1, 0, 0;
   %ix/load 3, 1, 0;
   %set/av v0x182dd50, 8, 32;
    %jmp T_7;
    .thread T_7;
    .scope S_0x182a380;
T_8 ;
    %wait E_0x1829a10;
    %ix/load 3, 1, 0;
    %mov 4, 0, 1;
    %load/av 8, v0x182dd50, 32;
    %mov 40, 0, 1;
    %addi 8, 1, 33;
   %ix/load 1, 0, 0;
   %ix/load 3, 1, 0;
   %set/av v0x182dd50, 8, 32;
    %jmp T_8;
    .thread T_8;
    .scope S_0x1829f00;
T_9 ;
    %wait E_0x182a070;
    %ix/load 3, 1, 0;
    %mov 4, 0, 1;
    %load/av 8, v0x182dd50, 32;
    %mov 40, 0, 1;
    %addi 8, 1, 33;
   %ix/load 1, 0, 0;
   %ix/load 3, 1, 0;
   %set/av v0x182dd50, 8, 32;
    %jmp T_9;
    .thread T_9;
    .scope S_0x1829a40;
T_10 ;
    %wait E_0x1829bb0;
    %ix/load 3, 1, 0;
    %mov 4, 0, 1;
    %load/av 8, v0x182dd50, 32;
    %mov 40, 0, 1;
    %addi 8, 1, 33;
   %ix/load 1, 0, 0;
   %ix/load 3, 1, 0;
   %set/av v0x182dd50, 8, 32;
    %jmp T_10;
    .thread T_10;
    .scope S_0x1829570;
T_11 ;
    %wait E_0x1829720;
    %ix/load 3, 1, 0;
    %mov 4, 0, 1;
    %load/av 8, v0x182dd50, 32;
    %mov 40, 0, 1;
    %addi 8, 1, 33;
   %ix/load 1, 0, 0;
   %ix/load 3, 1, 0;
   %set/av v0x182dd50, 8, 32;
    %jmp T_11;
    .thread T_11;
    .scope S_0x1829100;
T_12 ;
    %wait E_0x18276d0;
    %ix/load 3, 1, 0;
    %mov 4, 0, 1;
    %load/av 8, v0x182dd50, 32;
    %mov 40, 0, 1;
    %addi 8, 1, 33;
   %ix/load 1, 0, 0;
   %ix/load 3, 1, 0;
   %set/av v0x182dd50, 8, 32;
    %jmp T_12;
    .thread T_12;
    .scope S_0x1828cf0;
T_13 ;
    %wait E_0x18270b0;
    %ix/load 3, 1, 0;
    %mov 4, 0, 1;
    %load/av 8, v0x182dd50, 32;
    %mov 40, 0, 1;
    %addi 8, 1, 33;
   %ix/load 1, 0, 0;
   %ix/load 3, 1, 0;
   %set/av v0x182dd50, 8, 32;
    %jmp T_13;
    .thread T_13;
    .scope S_0x1828900;
T_14 ;
    %wait E_0x1824d40;
    %ix/load 3, 1, 0;
    %mov 4, 0, 1;
    %load/av 8, v0x182dd50, 32;
    %mov 40, 0, 1;
    %addi 8, 1, 33;
   %ix/load 1, 0, 0;
   %ix/load 3, 1, 0;
   %set/av v0x182dd50, 8, 32;
    %jmp T_14;
    .thread T_14;
    .scope S_0x1827b80;
T_15 ;
    %wait E_0x1827210;
    %ix/load 3, 1, 0;
    %mov 4, 0, 1;
    %load/av 8, v0x182dd50, 32;
    %mov 40, 0, 1;
    %addi 8, 1, 33;
   %ix/load 1, 0, 0;
   %ix/load 3, 1, 0;
   %set/av v0x182dd50, 8, 32;
    %jmp T_15;
    .thread T_15;
    .scope S_0x1827700;
T_16 ;
    %wait E_0x1827870;
    %ix/load 3, 1, 0;
    %mov 4, 0, 1;
    %load/av 8, v0x182dd50, 32;
    %mov 40, 0, 1;
    %addi 8, 1, 33;
   %ix/load 1, 0, 0;
   %ix/load 3, 1, 0;
   %set/av v0x182dd50, 8, 32;
    %jmp T_16;
    .thread T_16;
    .scope S_0x1827240;
T_17 ;
    %wait E_0x18273b0;
    %ix/load 3, 1, 0;
    %mov 4, 0, 1;
    %load/av 8, v0x182dd50, 32;
    %mov 40, 0, 1;
    %addi 8, 1, 33;
   %ix/load 1, 0, 0;
   %ix/load 3, 1, 0;
   %set/av v0x182dd50, 8, 32;
    %jmp T_17;
    .thread T_17;
    .scope S_0x1826d70;
T_18 ;
    %wait E_0x1826f20;
    %ix/load 3, 1, 0;
    %mov 4, 0, 1;
    %load/av 8, v0x182dd50, 32;
    %mov 40, 0, 1;
    %addi 8, 1, 33;
   %ix/load 1, 0, 0;
   %ix/load 3, 1, 0;
   %set/av v0x182dd50, 8, 32;
    %jmp T_18;
    .thread T_18;
    .scope S_0x1826900;
T_19 ;
    %wait E_0x1824ed0;
    %ix/load 3, 1, 0;
    %mov 4, 0, 1;
    %load/av 8, v0x182dd50, 32;
    %mov 40, 0, 1;
    %addi 8, 1, 33;
   %ix/load 1, 0, 0;
   %ix/load 3, 1, 0;
   %set/av v0x182dd50, 8, 32;
    %jmp T_19;
    .thread T_19;
    .scope S_0x18264f0;
T_20 ;
    %wait E_0x18248b0;
    %ix/load 3, 1, 0;
    %mov 4, 0, 1;
    %load/av 8, v0x182dd50, 32;
    %mov 40, 0, 1;
    %addi 8, 1, 33;
   %ix/load 1, 0, 0;
   %ix/load 3, 1, 0;
   %set/av v0x182dd50, 8, 32;
    %jmp T_20;
    .thread T_20;
    .scope S_0x1826100;
T_21 ;
    %wait E_0x1822540;
    %ix/load 3, 1, 0;
    %mov 4, 0, 1;
    %load/av 8, v0x182dd50, 32;
    %mov 40, 0, 1;
    %addi 8, 1, 33;
   %ix/load 1, 0, 0;
   %ix/load 3, 1, 0;
   %set/av v0x182dd50, 8, 32;
    %jmp T_21;
    .thread T_21;
    .scope S_0x1825380;
T_22 ;
    %wait E_0x1824a10;
    %ix/load 3, 1, 0;
    %mov 4, 0, 1;
    %load/av 8, v0x182dd50, 32;
    %mov 40, 0, 1;
    %addi 8, 1, 33;
   %ix/load 1, 0, 0;
   %ix/load 3, 1, 0;
   %set/av v0x182dd50, 8, 32;
    %jmp T_22;
    .thread T_22;
    .scope S_0x1824f00;
T_23 ;
    %wait E_0x1825070;
    %ix/load 3, 1, 0;
    %mov 4, 0, 1;
    %load/av 8, v0x182dd50, 32;
    %mov 40, 0, 1;
    %addi 8, 1, 33;
   %ix/load 1, 0, 0;
   %ix/load 3, 1, 0;
   %set/av v0x182dd50, 8, 32;
    %jmp T_23;
    .thread T_23;
    .scope S_0x1824a40;
T_24 ;
    %wait E_0x1824bb0;
    %ix/load 3, 1, 0;
    %mov 4, 0, 1;
    %load/av 8, v0x182dd50, 32;
    %mov 40, 0, 1;
    %addi 8, 1, 33;
   %ix/load 1, 0, 0;
   %ix/load 3, 1, 0;
   %set/av v0x182dd50, 8, 32;
    %jmp T_24;
    .thread T_24;
    .scope S_0x1824570;
T_25 ;
    %wait E_0x1824720;
    %ix/load 3, 1, 0;
    %mov 4, 0, 1;
    %load/av 8, v0x182dd50, 32;
    %mov 40, 0, 1;
    %addi 8, 1, 33;
   %ix/load 1, 0, 0;
   %ix/load 3, 1, 0;
   %set/av v0x182dd50, 8, 32;
    %jmp T_25;
    .thread T_25;
    .scope S_0x1824100;
T_26 ;
    %wait E_0x18226d0;
    %ix/load 3, 1, 0;
    %mov 4, 0, 1;
    %load/av 8, v0x182dd50, 32;
    %mov 40, 0, 1;
    %addi 8, 1, 33;
   %ix/load 1, 0, 0;
   %ix/load 3, 1, 0;
   %set/av v0x182dd50, 8, 32;
    %jmp T_26;
    .thread T_26;
    .scope S_0x1823cf0;
T_27 ;
    %wait E_0x18220b0;
    %ix/load 3, 1, 0;
    %mov 4, 0, 1;
    %load/av 8, v0x182dd50, 32;
    %mov 40, 0, 1;
    %addi 8, 1, 33;
   %ix/load 1, 0, 0;
   %ix/load 3, 1, 0;
   %set/av v0x182dd50, 8, 32;
    %jmp T_27;
    .thread T_27;
    .scope S_0x1823900;
T_28 ;
    %wait E_0x181fd40;
    %ix/load 3, 1, 0;
    %mov 4, 0, 1;
    %load/av 8, v0x182dd50, 32;
    %mov 40, 0, 1;
    %addi 8, 1, 33;
   %ix/load 1, 0, 0;
   %ix/load 3, 1, 0;
   %set/av v0x182dd50, 8, 32;
    %jmp T_28;
    .thread T_28;
    .scope S_0x1822b80;
T_29 ;
    %wait E_0x1822210;
    %ix/load 3, 1, 0;
    %mov 4, 0, 1;
    %load/av 8, v0x182dd50, 32;
    %mov 40, 0, 1;
    %addi 8, 1, 33;
   %ix/load 1, 0, 0;
   %ix/load 3, 1, 0;
   %set/av v0x182dd50, 8, 32;
    %jmp T_29;
    .thread T_29;
    .scope S_0x1822700;
T_30 ;
    %wait E_0x1822870;
    %ix/load 3, 1, 0;
    %mov 4, 0, 1;
    %load/av 8, v0x182dd50, 32;
    %mov 40, 0, 1;
    %addi 8, 1, 33;
   %ix/load 1, 0, 0;
   %ix/load 3, 1, 0;
   %set/av v0x182dd50, 8, 32;
    %jmp T_30;
    .thread T_30;
    .scope S_0x1822240;
T_31 ;
    %wait E_0x18223b0;
    %ix/load 3, 1, 0;
    %mov 4, 0, 1;
    %load/av 8, v0x182dd50, 32;
    %mov 40, 0, 1;
    %addi 8, 1, 33;
   %ix/load 1, 0, 0;
   %ix/load 3, 1, 0;
   %set/av v0x182dd50, 8, 32;
    %jmp T_31;
    .thread T_31;
    .scope S_0x1821d70;
T_32 ;
    %wait E_0x1821f20;
    %ix/load 3, 1, 0;
    %mov 4, 0, 1;
    %load/av 8, v0x182dd50, 32;
    %mov 40, 0, 1;
    %addi 8, 1, 33;
   %ix/load 1, 0, 0;
   %ix/load 3, 1, 0;
   %set/av v0x182dd50, 8, 32;
    %jmp T_32;
    .thread T_32;
    .scope S_0x1821900;
T_33 ;
    %wait E_0x181fed0;
    %ix/load 3, 1, 0;
    %mov 4, 0, 1;
    %load/av 8, v0x182dd50, 32;
    %mov 40, 0, 1;
    %addi 8, 1, 33;
   %ix/load 1, 0, 0;
   %ix/load 3, 1, 0;
   %set/av v0x182dd50, 8, 32;
    %jmp T_33;
    .thread T_33;
    .scope S_0x18214f0;
T_34 ;
    %wait E_0x181f8b0;
    %ix/load 3, 1, 0;
    %mov 4, 0, 1;
    %load/av 8, v0x182dd50, 32;
    %mov 40, 0, 1;
    %addi 8, 1, 33;
   %ix/load 1, 0, 0;
   %ix/load 3, 1, 0;
   %set/av v0x182dd50, 8, 32;
    %jmp T_34;
    .thread T_34;
    .scope S_0x1821100;
T_35 ;
    %wait E_0x181d540;
    %ix/load 3, 1, 0;
    %mov 4, 0, 1;
    %load/av 8, v0x182dd50, 32;
    %mov 40, 0, 1;
    %addi 8, 1, 33;
   %ix/load 1, 0, 0;
   %ix/load 3, 1, 0;
   %set/av v0x182dd50, 8, 32;
    %jmp T_35;
    .thread T_35;
    .scope S_0x1820380;
T_36 ;
    %wait E_0x181fa10;
    %ix/load 3, 1, 0;
    %mov 4, 0, 1;
    %load/av 8, v0x182dd50, 32;
    %mov 40, 0, 1;
    %addi 8, 1, 33;
   %ix/load 1, 0, 0;
   %ix/load 3, 1, 0;
   %set/av v0x182dd50, 8, 32;
    %jmp T_36;
    .thread T_36;
    .scope S_0x181ff00;
T_37 ;
    %wait E_0x1820070;
    %ix/load 3, 1, 0;
    %mov 4, 0, 1;
    %load/av 8, v0x182dd50, 32;
    %mov 40, 0, 1;
    %addi 8, 1, 33;
   %ix/load 1, 0, 0;
   %ix/load 3, 1, 0;
   %set/av v0x182dd50, 8, 32;
    %jmp T_37;
    .thread T_37;
    .scope S_0x181fa40;
T_38 ;
    %wait E_0x181fbb0;
    %ix/load 3, 1, 0;
    %mov 4, 0, 1;
    %load/av 8, v0x182dd50, 32;
    %mov 40, 0, 1;
    %addi 8, 1, 33;
   %ix/load 1, 0, 0;
   %ix/load 3, 1, 0;
   %set/av v0x182dd50, 8, 32;
    %jmp T_38;
    .thread T_38;
    .scope S_0x181f570;
T_39 ;
    %wait E_0x181f720;
    %ix/load 3, 1, 0;
    %mov 4, 0, 1;
    %load/av 8, v0x182dd50, 32;
    %mov 40, 0, 1;
    %addi 8, 1, 33;
   %ix/load 1, 0, 0;
   %ix/load 3, 1, 0;
   %set/av v0x182dd50, 8, 32;
    %jmp T_39;
    .thread T_39;
    .scope S_0x181f100;
T_40 ;
    %wait E_0x181d6d0;
    %ix/load 3, 1, 0;
    %mov 4, 0, 1;
    %load/av 8, v0x182dd50, 32;
    %mov 40, 0, 1;
    %addi 8, 1, 33;
   %ix/load 1, 0, 0;
   %ix/load 3, 1, 0;
   %set/av v0x182dd50, 8, 32;
    %jmp T_40;
    .thread T_40;
    .scope S_0x181ecf0;
T_41 ;
    %wait E_0x181d0b0;
    %ix/load 3, 1, 0;
    %mov 4, 0, 1;
    %load/av 8, v0x182dd50, 32;
    %mov 40, 0, 1;
    %addi 8, 1, 33;
   %ix/load 1, 0, 0;
   %ix/load 3, 1, 0;
   %set/av v0x182dd50, 8, 32;
    %jmp T_41;
    .thread T_41;
    .scope S_0x181e900;
T_42 ;
    %wait E_0x181ad40;
    %ix/load 3, 1, 0;
    %mov 4, 0, 1;
    %load/av 8, v0x182dd50, 32;
    %mov 40, 0, 1;
    %addi 8, 1, 33;
   %ix/load 1, 0, 0;
   %ix/load 3, 1, 0;
   %set/av v0x182dd50, 8, 32;
    %jmp T_42;
    .thread T_42;
    .scope S_0x181db80;
T_43 ;
    %wait E_0x181d210;
    %ix/load 3, 1, 0;
    %mov 4, 0, 1;
    %load/av 8, v0x182dd50, 32;
    %mov 40, 0, 1;
    %addi 8, 1, 33;
   %ix/load 1, 0, 0;
   %ix/load 3, 1, 0;
   %set/av v0x182dd50, 8, 32;
    %jmp T_43;
    .thread T_43;
    .scope S_0x181d700;
T_44 ;
    %wait E_0x181d870;
    %ix/load 3, 1, 0;
    %mov 4, 0, 1;
    %load/av 8, v0x182dd50, 32;
    %mov 40, 0, 1;
    %addi 8, 1, 33;
   %ix/load 1, 0, 0;
   %ix/load 3, 1, 0;
   %set/av v0x182dd50, 8, 32;
    %jmp T_44;
    .thread T_44;
    .scope S_0x181d240;
T_45 ;
    %wait E_0x181d3b0;
    %ix/load 3, 1, 0;
    %mov 4, 0, 1;
    %load/av 8, v0x182dd50, 32;
    %mov 40, 0, 1;
    %addi 8, 1, 33;
   %ix/load 1, 0, 0;
   %ix/load 3, 1, 0;
   %set/av v0x182dd50, 8, 32;
    %jmp T_45;
    .thread T_45;
    .scope S_0x181cd70;
T_46 ;
    %wait E_0x181cf20;
    %ix/load 3, 1, 0;
    %mov 4, 0, 1;
    %load/av 8, v0x182dd50, 32;
    %mov 40, 0, 1;
    %addi 8, 1, 33;
   %ix/load 1, 0, 0;
   %ix/load 3, 1, 0;
   %set/av v0x182dd50, 8, 32;
    %jmp T_46;
    .thread T_46;
    .scope S_0x181c900;
T_47 ;
    %wait E_0x181aed0;
    %ix/load 3, 1, 0;
    %mov 4, 0, 1;
    %load/av 8, v0x182dd50, 32;
    %mov 40, 0, 1;
    %addi 8, 1, 33;
   %ix/load 1, 0, 0;
   %ix/load 3, 1, 0;
   %set/av v0x182dd50, 8, 32;
    %jmp T_47;
    .thread T_47;
    .scope S_0x181c4f0;
T_48 ;
    %wait E_0x181a8b0;
    %ix/load 3, 1, 0;
    %mov 4, 0, 1;
    %load/av 8, v0x182dd50, 32;
    %mov 40, 0, 1;
    %addi 8, 1, 33;
   %ix/load 1, 0, 0;
   %ix/load 3, 1, 0;
   %set/av v0x182dd50, 8, 32;
    %jmp T_48;
    .thread T_48;
    .scope S_0x181c100;
T_49 ;
    %wait E_0x1819f70;
    %ix/load 3, 1, 0;
    %mov 4, 0, 1;
    %load/av 8, v0x182dd50, 32;
    %mov 40, 0, 1;
    %addi 8, 1, 33;
   %ix/load 1, 0, 0;
   %ix/load 3, 1, 0;
   %set/av v0x182dd50, 8, 32;
    %jmp T_49;
    .thread T_49;
    .scope S_0x181b380;
T_50 ;
    %wait E_0x181aa10;
    %ix/load 3, 1, 0;
    %mov 4, 0, 1;
    %load/av 8, v0x182dd50, 32;
    %mov 40, 0, 1;
    %addi 8, 1, 33;
   %ix/load 1, 0, 0;
   %ix/load 3, 1, 0;
   %set/av v0x182dd50, 8, 32;
    %jmp T_50;
    .thread T_50;
    .scope S_0x181af00;
T_51 ;
    %wait E_0x181b070;
    %ix/load 3, 1, 0;
    %mov 4, 0, 1;
    %load/av 8, v0x182dd50, 32;
    %mov 40, 0, 1;
    %addi 8, 1, 33;
   %ix/load 1, 0, 0;
   %ix/load 3, 1, 0;
   %set/av v0x182dd50, 8, 32;
    %jmp T_51;
    .thread T_51;
    .scope S_0x181aa40;
T_52 ;
    %wait E_0x181abb0;
    %ix/load 3, 1, 0;
    %mov 4, 0, 1;
    %load/av 8, v0x182dd50, 32;
    %mov 40, 0, 1;
    %addi 8, 1, 33;
   %ix/load 1, 0, 0;
   %ix/load 3, 1, 0;
   %set/av v0x182dd50, 8, 32;
    %jmp T_52;
    .thread T_52;
    .scope S_0x181a570;
T_53 ;
    %wait E_0x181a720;
    %ix/load 3, 1, 0;
    %mov 4, 0, 1;
    %load/av 8, v0x182dd50, 32;
    %mov 40, 0, 1;
    %addi 8, 1, 33;
   %ix/load 1, 0, 0;
   %ix/load 3, 1, 0;
   %set/av v0x182dd50, 8, 32;
    %jmp T_53;
    .thread T_53;
    .scope S_0x181a0d0;
T_54 ;
    %wait E_0x181a280;
    %ix/load 3, 1, 0;
    %mov 4, 0, 1;
    %load/av 8, v0x182dd50, 32;
    %mov 40, 0, 1;
    %addi 8, 1, 33;
   %ix/load 1, 0, 0;
   %ix/load 3, 1, 0;
   %set/av v0x182dd50, 8, 32;
    %jmp T_54;
    .thread T_54;
    .scope S_0x1819c30;
T_55 ;
    %wait E_0x1819de0;
    %ix/load 3, 1, 0;
    %mov 4, 0, 1;
    %load/av 8, v0x182dd50, 32;
    %mov 40, 0, 1;
    %addi 8, 1, 33;
   %ix/load 1, 0, 0;
   %ix/load 3, 1, 0;
   %set/av v0x182dd50, 8, 32;
    %jmp T_55;
    .thread T_55;
    .scope S_0x1800200;
T_56 ;
    %wait E_0x17d18e0;
    %ix/load 3, 1, 0;
    %mov 4, 0, 1;
    %load/av 8, v0x182dd50, 32;
    %mov 40, 0, 1;
    %addi 8, 1, 33;
   %ix/load 1, 0, 0;
   %ix/load 3, 1, 0;
   %set/av v0x182dd50, 8, 32;
    %jmp T_56;
    .thread T_56;
    .scope S_0x17d16b0;
T_57 ;
    %delay 1, 0;
    %set/v v0x182e130_0, 0, 1;
    %set/v v0x182e070_0, 0, 32;
    %set/v v0x182e3f0_0, 0, 2;
T_57.0 ;
    %load/v 8, v0x182e3f0_0, 2;
    %mov 10, 0, 2;
   %cmpi/u 8, 2, 4;
    %or 5, 4, 1;
    %jmp/0xz T_57.1, 5;
    %delay 1, 0;
    %set/v v0x182e070_0, 0, 32;
    %load/v 8, v0x182e3f0_0, 2;
    %mov 10, 0, 30;
    %addi 8, 1, 32;
    %set/v v0x182e3f0_0, 8, 2;
    %jmp T_57.0;
T_57.1 ;
    %set/v v0x182e6a0_0, 0, 32;
    %delay 50, 0;
    %vpi_func 2 162 "$random", 8, 32, v0x182e6a0_0;
    %set/v v0x182e540_0, 8, 8;
    %vpi_func 2 163 "$random", 8, 32, v0x182e6a0_0;
    %set/v v0x182e5c0_0, 8, 8;
    %movi 8, 5000, 14;
T_57.2 %cmp/s 0, 8, 14;
    %jmp/0xz T_57.3, 5;
    %add 8, 1, 14;
    %delay 50, 0;
    %vpi_func 2 167 "$random", 22, 32, v0x182e6a0_0;
    %set/v v0x182e5c0_0, 22, 8;
    %vpi_func 2 168 "$random", 22, 32, v0x182e6a0_0;
    %set/v v0x182e540_0, 22, 8;
    %jmp T_57.2;
T_57.3 ;
    %delay 100, 0;
    %set/v v0x182e130_0, 1, 1;
    %set/v v0x182e3f0_0, 0, 2;
T_57.4 ;
    %load/v 8, v0x182e3f0_0, 2;
    %mov 10, 0, 2;
   %cmpi/u 8, 2, 4;
    %or 5, 4, 1;
    %jmp/0xz T_57.5, 5;
    %delay 1, 0;
    %load/v 8, v0x182e330_0, 32;
    %set/v v0x182e070_0, 8, 32;
    %vpi_call 2 175 "$display", " ", " ", "PwrCntr[%d]: %d", v0x182e3f0_0, v0x182e070_0;
    %load/v 8, v0x182e3f0_0, 2;
    %mov 10, 0, 30;
    %addi 8, 1, 32;
    %set/v v0x182e3f0_0, 8, 2;
    %jmp T_57.4;
T_57.5 ;
    %delay 1, 0;
    %vpi_call 2 177 "$finish";
    %end;
    .thread T_57;
# The file index is used to find the file name in the following table.
:file_names 3;
    "N/A";
    "<interactive>";
    "BancoPruebas.v";
